<?xml version="1.0" encoding="UTF-8"?>
<!-- Generated by org.testng.reporters.JUnitXMLReporter -->
<testsuite ignored="0" hostname="DESKTOP-KMVAA5F" failures="0" tests="3" name="Default test" time="58.688" errors="0" timestamp="2023-01-13T15:40:37 IST">
  <testcase classname="com.Test.Rankmfselenium.SearchRankmfSchemelistTest" name="clickonSigninPage" time="2.69"/>
  <testcase classname="com.Test.Rankmfselenium.SearchRankmfSchemelistTest" name="Click_Explorerankmf" time="3.27"/>
  <testcase classname="com.Test.Rankmfselenium.SearchRankmfSchemelistTest" name="Click_HomePage" time="47.316"/>
</testsuite> <!-- Default test -->
