<?xml version="1.0" encoding="UTF-8"?>
<!-- Generated by org.testng.reporters.JUnitXMLReporter -->
<testsuite ignored="0" hostname="DESKTOP-M8IT876" failures="0" tests="6" name="BasketLumpsumorder_NetBanking" time="0.077" errors="0" timestamp="2025-07-22T16:47:19 IST">
  <testcase classname="com.Test.Rankmfselenium.ExploreNewPageTest" name="@BeforeClass SetInitialization" time="0.011">
    <failure type="java.io.FileNotFoundException" message="C:\Users\ravindra.chavan\eclipse\RankmfwebApplication\src\main\java\RankmfBase\configproperties (The system cannot find the path specified)">
      <![CDATA[java.io.FileNotFoundException: C:\Users\ravindra.chavan\eclipse\RankmfwebApplication\src\main\java\RankmfBase\configproperties (The system cannot find the path specified)
at java.base/java.io.FileInputStream.open0(Native Method)
at java.base/java.io.FileInputStream.open(FileInputStream.java:219)
at java.base/java.io.FileInputStream.<init>(FileInputStream.java:157)
at java.base/java.io.FileInputStream.<init>(FileInputStream.java:112)
at RankmfBase.TestBase.initialization(TestBase.java:41)
at com.Test.Rankmfselenium.ExploreNewPageTest.SetInitialization(ExploreNewPageTest.java:25)
at java.base/java.util.ArrayList.forEach(ArrayList.java:1541)
... Removed 25 stack frames]]>
    </failure>
  </testcase> <!-- @BeforeClass SetInitialization -->
  <testcase classname="com.Test.Rankmfselenium.ExploreNewPageTest" name="clickonSigninPage" time="0.0">
    <skipped/>
  </testcase> <!-- clickonSigninPage -->
  <testcase classname="com.Test.Rankmfselenium.ExploreNewPageTest" name="Click_Explorerankmf" time="0.0">
    <skipped/>
  </testcase> <!-- Click_Explorerankmf -->
  <testcase classname="com.Test.Rankmfselenium.ExploreNewPageTest" name="Click_Filter" time="0.0">
    <skipped/>
  </testcase> <!-- Click_Filter -->
  <testcase classname="com.Test.Rankmfselenium.ExploreNewPageTest" name="Click_Myinvestment" time="0.0">
    <skipped/>
  </testcase> <!-- Click_Myinvestment -->
  <testcase classname="com.Test.Rankmfselenium.ExploreNewPageTest" name="Review_PaymentPage" time="0.0">
    <skipped/>
  </testcase> <!-- Review_PaymentPage -->
  <testcase classname="com.Test.Rankmfselenium.ExploreNewPageTest" name="enterotpnum" time="0.0">
    <skipped/>
  </testcase> <!-- enterotpnum -->
</testsuite> <!-- BasketLumpsumorder_NetBanking -->
