<?xml version="1.0" encoding="UTF-8"?>
<!-- Generated by org.testng.reporters.JUnitXMLReporter -->
<testsuite ignored="0" hostname="DESKTOP-KMVAA5F" failures="0" tests="10" name="BasketLumpsumorder_NetBanking" time="52.025" errors="0" timestamp="2022-10-19T17:48:39 IST">
  <testcase classname="com.Test.Rankmfselenium.BasketlumpsumOrderNetBankingTest" name="clickonSigninPage" time="0.392"/>
  <testcase classname="com.Test.Rankmfselenium.BasketlumpsumOrderNetBankingTest" name="clickonbasketpage" time="2.919"/>
  <testcase classname="com.Test.Rankmfselenium.BasketlumpsumOrderNetBankingTest" name="Clickonconservative" time="4.154"/>
  <testcase classname="com.Test.Rankmfselenium.BasketlumpsumOrderNetBankingTest" name="clickoninvest" time="3.085"/>
  <testcase classname="com.Test.Rankmfselenium.BasketlumpsumOrderNetBankingTest" name="clickonpaymentmode" time="2.217"/>
  <testcase classname="com.Test.Rankmfselenium.BasketlumpsumOrderNetBankingTest" name="ClickonVerifyOTP" time="2.164"/>
  <testcase classname="com.Test.Rankmfselenium.BasketlumpsumOrderNetBankingTest" name="enterotpnum" time="7.38"/>
  <testcase classname="com.Test.Rankmfselenium.BasketlumpsumOrderNetBankingTest" name="RedirectNetbankingurl" time="3.114"/>
  <testcase classname="com.Test.Rankmfselenium.BasketlumpsumOrderNetBankingTest" name="Clickon_logout" time="3.165"/>
  <testcase classname="com.Test.Rankmfselenium.BasketlumpsumOrderNetBankingTest" name="Click_logoutbtn" time="18.859"/>
</testsuite> <!-- BasketLumpsumorder_NetBanking -->
