<?xml version="1.0" encoding="UTF-8"?>
<!-- Generated by org.testng.reporters.JUnitXMLReporter -->
<testsuite ignored="0" hostname="DESKTOP-KMVAA5F" failures="0" tests="11" name="BasketLumpsumorder" time="58.127" errors="0" timestamp="2022-10-19T17:47:47 IST">
  <testcase classname="com.Test.Rankmfselenium.BasketLumpsum_NEFTTest" name="clickonSigninPage" time="0.585"/>
  <testcase classname="com.Test.Rankmfselenium.BasketLumpsum_NEFTTest" name="clickonbasketpage" time="4.108"/>
  <testcase classname="com.Test.Rankmfselenium.BasketLumpsum_NEFTTest" name="Clickonconservative" time="3.655"/>
  <testcase classname="com.Test.Rankmfselenium.BasketLumpsum_NEFTTest" name="clickoninvest" time="3.089"/>
  <testcase classname="com.Test.Rankmfselenium.BasketLumpsum_NEFTTest" name="clickonpaymentmode" time="2.221"/>
  <testcase classname="com.Test.Rankmfselenium.BasketLumpsum_NEFTTest" name="clickon_Enter_UtrNo" time="4.22"/>
  <testcase classname="com.Test.Rankmfselenium.BasketLumpsum_NEFTTest" name="ClickonVerifyOTP" time="2.184"/>
  <testcase classname="com.Test.Rankmfselenium.BasketLumpsum_NEFTTest" name="enterotpnum" time="7.664"/>
  <testcase classname="com.Test.Rankmfselenium.BasketLumpsum_NEFTTest" name="show_orderplaced_popup" time="2.577"/>
  <testcase classname="com.Test.Rankmfselenium.BasketLumpsum_NEFTTest" name="Clickon_logout" time="3.188"/>
  <testcase classname="com.Test.Rankmfselenium.BasketLumpsum_NEFTTest" name="Click_logoutbtn" time="18.885"/>
</testsuite> <!-- BasketLumpsumorder -->
