<?xml version="1.0" encoding="UTF-8"?>
<!-- Generated by org.testng.reporters.JUnitXMLReporter -->
<<<<<<< HEAD
<testsuite ignored="0" hostname="DESKTOP-M8IT876" failures="1" tests="6" name="BasketLumpsumorder_NetBanking" time="22.643" errors="0" timestamp="2025-10-24T12:06:52 IST">
  <testcase classname="com.Test.Rankmfselenium.ExploreNewPageTest" name="clickonSigninPage" time="2.381"/>
  <testcase classname="com.Test.Rankmfselenium.ExploreNewPageTest" name="Click_Explorerankmf" time="5.702"/>
  <testcase classname="com.Test.Rankmfselenium.ExploreNewPageTest" name="Click_Filter" time="11.435">
    <failure type="org.openqa.selenium.NoSuchElementException" message="no such element: Unable to locate element: {&amp;quot;method&amp;quot;:&amp;quot;xpath&amp;quot;,&amp;quot;selector&amp;quot;:&amp;quot;//button[@id=&amp;apos;add-btn-lumpsum&amp;apos;]&amp;quot;}
  (Session info: chrome=140.0.7339.128)
For documentation on this error, please visit: https://www.selenium.dev/documentation/webdriver/troubleshooting/errors#no-such-element-exception
Build info: version: &amp;apos;4.25.0&amp;apos;, revision: &amp;apos;8a8aea2337&amp;apos;
System info: os.name: &amp;apos;Windows 10&amp;apos;, os.arch: &amp;apos;amd64&amp;apos;, os.version: &amp;apos;10.0&amp;apos;, java.version: &amp;apos;17.0.2&amp;apos;
Driver info: org.openqa.selenium.chrome.ChromeDriver
Command: [5e656622a77483031f97cb4c259e8ddf, findElement {using=xpath, value=//button[@id=&amp;apos;add-btn-lumpsum&amp;apos;]}]
Capabilities {acceptInsecureCerts: false, browserName: chrome, browserVersion: 140.0.7339.128, chrome: {chromedriverVersion: 139.0.7258.154 (9e0d6b2b47f..., userDataDir: C:\Users\RAVIND~1.CHA\AppDa...}, fedcm:accounts: true, goog:chromeOptions: {debuggerAddress: localhost:64333}, networkConnectionEnabled: false, pageLoadStrategy: normal, platformName: windows, proxy: Proxy(), se:cdp: ws://localhost:64333/devtoo..., se:cdpVersion: 140.0.7339.128, setWindowRect: true, strictFileInteractability: false, timeouts: {implicit: 0, pageLoad: 300000, script: 30000}, unhandledPromptBehavior: dismiss and notify, webauthn:extension:credBlob: true, webauthn:extension:largeBlob: true, webauthn:extension:minPinLength: true, webauthn:extension:prf: true, webauthn:virtualAuthenticators: true}
Session ID: 5e656622a77483031f97cb4c259e8ddf">
      <![CDATA[org.openqa.selenium.NoSuchElementException: no such element: Unable to locate element: {"method":"xpath","selector":"//button[@id='add-btn-lumpsum']"}
  (Session info: chrome=140.0.7339.128)
For documentation on this error, please visit: https://www.selenium.dev/documentation/webdriver/troubleshooting/errors#no-such-element-exception
Build info: version: '4.25.0', revision: '8a8aea2337'
System info: os.name: 'Windows 10', os.arch: 'amd64', os.version: '10.0', java.version: '17.0.2'
Driver info: org.openqa.selenium.chrome.ChromeDriver
Command: [5e656622a77483031f97cb4c259e8ddf, findElement {using=xpath, value=//button[@id='add-btn-lumpsum']}]
Capabilities {acceptInsecureCerts: false, browserName: chrome, browserVersion: 140.0.7339.128, chrome: {chromedriverVersion: 139.0.7258.154 (9e0d6b2b47f..., userDataDir: C:\Users\RAVIND~1.CHA\AppDa...}, fedcm:accounts: true, goog:chromeOptions: {debuggerAddress: localhost:64333}, networkConnectionEnabled: false, pageLoadStrategy: normal, platformName: windows, proxy: Proxy(), se:cdp: ws://localhost:64333/devtoo..., se:cdpVersion: 140.0.7339.128, setWindowRect: true, strictFileInteractability: false, timeouts: {implicit: 0, pageLoad: 300000, script: 30000}, unhandledPromptBehavior: dismiss and notify, webauthn:extension:credBlob: true, webauthn:extension:largeBlob: true, webauthn:extension:minPinLength: true, webauthn:extension:prf: true, webauthn:virtualAuthenticators: true}
Session ID: 5e656622a77483031f97cb4c259e8ddf
at org.openqa.selenium.remote.ErrorCodec.decode(ErrorCodec.java:167)
at org.openqa.selenium.remote.codec.w3c.W3CHttpResponseCodec.decode(W3CHttpResponseCodec.java:138)
at org.openqa.selenium.remote.codec.w3c.W3CHttpResponseCodec.decode(W3CHttpResponseCodec.java:50)
at org.openqa.selenium.remote.HttpCommandExecutor.execute(HttpCommandExecutor.java:190)
at org.openqa.selenium.remote.service.DriverCommandExecutor.invokeExecute(DriverCommandExecutor.java:216)
at org.openqa.selenium.remote.service.DriverCommandExecutor.execute(DriverCommandExecutor.java:174)
at org.openqa.selenium.remote.RemoteWebDriver.execute(RemoteWebDriver.java:545)
at org.openqa.selenium.remote.ElementLocation$ElementFinder$2.findElement(ElementLocation.java:165)
at org.openqa.selenium.remote.ElementLocation.findElement(ElementLocation.java:59)
at org.openqa.selenium.remote.RemoteWebDriver.findElement(RemoteWebDriver.java:368)
at org.openqa.selenium.remote.RemoteWebDriver.findElement(RemoteWebDriver.java:362)
at com.Test.Rankmfselenium.NewExplorePage.Filters(NewExplorePage.java:94)
at com.Test.Rankmfselenium.ExploreNewPageTest.Click_Filter(ExploreNewPageTest.java:63)
at java.base/java.util.ArrayList.forEach(ArrayList.java:1511)
... Removed 32 stack frames]]>
    </failure>
=======
<testsuite ignored="0" hostname="DESKTOP-M8IT876" failures="0" tests="6" name="BasketLumpsumorder_NetBanking" time="0.077" errors="0" timestamp="2025-07-22T16:47:19 IST">
  <testcase classname="com.Test.Rankmfselenium.ExploreNewPageTest" name="@BeforeClass SetInitialization" time="0.011">
    <failure type="java.io.FileNotFoundException" message="C:\Users\ravindra.chavan\eclipse\RankmfwebApplication\src\main\java\RankmfBase\configproperties (The system cannot find the path specified)">
      <![CDATA[java.io.FileNotFoundException: C:\Users\ravindra.chavan\eclipse\RankmfwebApplication\src\main\java\RankmfBase\configproperties (The system cannot find the path specified)
at java.base/java.io.FileInputStream.open0(Native Method)
at java.base/java.io.FileInputStream.open(FileInputStream.java:219)
at java.base/java.io.FileInputStream.<init>(FileInputStream.java:157)
at java.base/java.io.FileInputStream.<init>(FileInputStream.java:112)
at RankmfBase.TestBase.initialization(TestBase.java:41)
at com.Test.Rankmfselenium.ExploreNewPageTest.SetInitialization(ExploreNewPageTest.java:25)
at java.base/java.util.ArrayList.forEach(ArrayList.java:1541)
... Removed 25 stack frames]]>
    </failure>
  </testcase> <!-- @BeforeClass SetInitialization -->
  <testcase classname="com.Test.Rankmfselenium.ExploreNewPageTest" name="clickonSigninPage" time="0.0">
    <skipped/>
  </testcase> <!-- clickonSigninPage -->
  <testcase classname="com.Test.Rankmfselenium.ExploreNewPageTest" name="Click_Explorerankmf" time="0.0">
    <skipped/>
  </testcase> <!-- Click_Explorerankmf -->
  <testcase classname="com.Test.Rankmfselenium.ExploreNewPageTest" name="Click_Filter" time="0.0">
    <skipped/>
>>>>>>> ee410d6c12b415293c21901c1d29a1db63f6a0d6
  </testcase> <!-- Click_Filter -->
  <testcase classname="com.Test.Rankmfselenium.ExploreNewPageTest" name="Click_Myinvestment" time="0.0">
    <skipped/>
  </testcase> <!-- Click_Myinvestment -->
  <testcase classname="com.Test.Rankmfselenium.ExploreNewPageTest" name="Review_PaymentPage" time="0.0">
    <skipped/>
  </testcase> <!-- Review_PaymentPage -->
<<<<<<< HEAD
  <testcase classname="com.Test.Rankmfselenium.ExploreNewPageTest" name="enterotpnum" time="0.001">
=======
  <testcase classname="com.Test.Rankmfselenium.ExploreNewPageTest" name="enterotpnum" time="0.0">
>>>>>>> ee410d6c12b415293c21901c1d29a1db63f6a0d6
    <skipped/>
  </testcase> <!-- enterotpnum -->
</testsuite> <!-- BasketLumpsumorder_NetBanking -->
