<?xml version="1.0" encoding="UTF-8"?>
<!-- Generated by org.testng.reporters.JUnitXMLReporter -->
<testsuite ignored="0" hostname="DESKTOP-KMVAA5F" failures="1" tests="17" name="BasketNormalSiporderTest" time="14.268" errors="0" timestamp="2022-07-08T18:54:31 IST">
  <testcase classname="com.Test.Rankmfselenium.BasketNormalSiporderTest" name="ClickonSigninPage" time="1.142">
    <failure type="org.openqa.selenium.ElementClickInterceptedException" message="element click intercepted: Element is not clickable at point (852, -49)
  (Session info: chrome=103.0.5060.114)
Build info: version: &amp;apos;3.141.59&amp;apos;, revision: &amp;apos;e82be7d358&amp;apos;, time: &amp;apos;2018-11-14T08:17:03&amp;apos;
System info: host: &amp;apos;DESKTOP-KMVAA5F&amp;apos;, ip: &amp;apos;172.19.19.147&amp;apos;, os.name: &amp;apos;Windows 10&amp;apos;, os.arch: &amp;apos;amd64&amp;apos;, os.version: &amp;apos;10.0&amp;apos;, java.version: &amp;apos;11&amp;apos;
Driver info: org.openqa.selenium.chrome.ChromeDriver
Capabilities {acceptInsecureCerts: false, browserName: chrome, browserVersion: 103.0.5060.114, chrome: {chromedriverVersion: 102.0.5005.61 (0e59bcc00cc4..., userDataDir: C:\Users\samco\AppData\Loca...}, goog:chromeOptions: {debuggerAddress: localhost:56892}, javascriptEnabled: true, networkConnectionEnabled: false, pageLoadStrategy: normal, platform: WINDOWS, platformName: WINDOWS, proxy: Proxy(), setWindowRect: true, strictFileInteractability: false, timeouts: {implicit: 0, pageLoad: 300000, script: 30000}, unhandledPromptBehavior: dismiss and notify, webauthn:extension:credBlob: true, webauthn:extension:largeBlob: true, webauthn:virtualAuthenticators: true}
Session ID: 7a6ab275b77aa1802587ba368050a9a7">
      <![CDATA[org.openqa.selenium.ElementClickInterceptedException: element click intercepted: Element is not clickable at point (852, -49)
  (Session info: chrome=103.0.5060.114)
Build info: version: '3.141.59', revision: 'e82be7d358', time: '2018-11-14T08:17:03'
System info: host: 'DESKTOP-KMVAA5F', ip: '172.19.19.147', os.name: 'Windows 10', os.arch: 'amd64', os.version: '10.0', java.version: '11'
Driver info: org.openqa.selenium.chrome.ChromeDriver
Capabilities {acceptInsecureCerts: false, browserName: chrome, browserVersion: 103.0.5060.114, chrome: {chromedriverVersion: 102.0.5005.61 (0e59bcc00cc4..., userDataDir: C:\Users\samco\AppData\Loca...}, goog:chromeOptions: {debuggerAddress: localhost:56892}, javascriptEnabled: true, networkConnectionEnabled: false, pageLoadStrategy: normal, platform: WINDOWS, platformName: WINDOWS, proxy: Proxy(), setWindowRect: true, strictFileInteractability: false, timeouts: {implicit: 0, pageLoad: 300000, script: 30000}, unhandledPromptBehavior: dismiss and notify, webauthn:extension:credBlob: true, webauthn:extension:largeBlob: true, webauthn:virtualAuthenticators: true}
Session ID: 7a6ab275b77aa1802587ba368050a9a7
at org.openqa.selenium.remote.http.W3CHttpResponseCodec.createException(W3CHttpResponseCodec.java:187)
at org.openqa.selenium.remote.http.W3CHttpResponseCodec.decode(W3CHttpResponseCodec.java:122)
at org.openqa.selenium.remote.http.W3CHttpResponseCodec.decode(W3CHttpResponseCodec.java:49)
at org.openqa.selenium.remote.HttpCommandExecutor.execute(HttpCommandExecutor.java:158)
at org.openqa.selenium.remote.service.DriverCommandExecutor.execute(DriverCommandExecutor.java:83)
at org.openqa.selenium.remote.RemoteWebDriver.execute(RemoteWebDriver.java:552)
at org.openqa.selenium.remote.RemoteWebElement.execute(RemoteWebElement.java:285)
at org.openqa.selenium.remote.RemoteWebElement.click(RemoteWebElement.java:84)
at org.openqa.selenium.support.pagefactory.internal.LocatingElementHandler.invoke(LocatingElementHandler.java:51)
at com.sun.proxy.$Proxy11.click(Unknown Source)
at com.Test.RANKMFSELENIUM.LoginPage.clicklogintest(LoginPage.java:41)
at com.Test.Rankmfselenium.BasketlumpsumOrderTest.clickonSigninPage(BasketlumpsumOrderTest.java:37)
at com.Test.Rankmfselenium.BasketNormalSiporderTest.ClickonSigninPage(BasketNormalSiporderTest.java:48)
at java.base/java.util.ArrayList.forEach(ArrayList.java:1540)
... Removed 35 stack frames]]>
    </failure>
  </testcase> <!-- ClickonSigninPage -->
  <testcase classname="com.Test.Rankmfselenium.BasketNormalSiporderTest" name="Clickon_TotalInvestmentvalue" time="0.0">
    <skipped/>
  </testcase> <!-- Clickon_TotalInvestmentvalue -->
  <testcase classname="com.Test.Rankmfselenium.BasketNormalSiporderTest" name="Click_HomePage" time="0.0">
    <skipped/>
  </testcase> <!-- Click_HomePage -->
  <testcase classname="com.Test.Rankmfselenium.BasketNormalSiporderTest" name="search_mutualfunds" time="0.0">
    <skipped/>
  </testcase> <!-- search_mutualfunds -->
  <testcase classname="com.Test.Rankmfselenium.BasketNormalSiporderTest" name="Click_Normalsip" time="0.0">
    <skipped/>
  </testcase> <!-- Click_Normalsip -->
  <testcase classname="com.Test.Rankmfselenium.BasketNormalSiporderTest" name="Click_sipcontinuebtn" time="0.0">
    <skipped/>
  </testcase> <!-- Click_sipcontinuebtn -->
  <testcase classname="com.Test.Rankmfselenium.BasketNormalSiporderTest" name="InstallementStartdate" time="0.0">
    <skipped/>
  </testcase> <!-- InstallementStartdate -->
  <testcase classname="com.Test.Rankmfselenium.BasketNormalSiporderTest" name="Startdatepicker" time="0.0">
    <skipped/>
  </testcase> <!-- Startdatepicker -->
  <testcase classname="com.Test.Rankmfselenium.BasketNormalSiporderTest" name="Click_continuebtn" time="0.0">
    <skipped/>
  </testcase> <!-- Click_continuebtn -->
  <testcase classname="com.Test.Rankmfselenium.BasketNormalSiporderTest" name="check_VerifyOTP" time="0.0">
    <skipped/>
  </testcase> <!-- check_VerifyOTP -->
  <testcase classname="com.Test.Rankmfselenium.BasketNormalSiporderTest" name="check_enterotpnum" time="0.0">
    <skipped/>
  </testcase> <!-- check_enterotpnum -->
  <testcase classname="com.Test.Rankmfselenium.BasketNormalSiporderTest" name="Clickon_confirmcontinue" time="0.0">
    <skipped/>
  </testcase> <!-- Clickon_confirmcontinue -->
  <testcase classname="com.Test.Rankmfselenium.BasketNormalSiporderTest" name="Clickon_fetchnormalpalcedorder" time="0.0">
    <skipped/>
  </testcase> <!-- Clickon_fetchnormalpalcedorder -->
  <testcase classname="com.Test.Rankmfselenium.BasketNormalSiporderTest" name="Clickon_skipstep" time="0.0">
    <skipped/>
  </testcase> <!-- Clickon_skipstep -->
  <testcase classname="com.Test.Rankmfselenium.BasketNormalSiporderTest" name="Clickon_cancelsmartsiporder" time="0.0">
    <skipped/>
  </testcase> <!-- Clickon_cancelsmartsiporder -->
  <testcase classname="com.Test.Rankmfselenium.BasketNormalSiporderTest" name="Clickon_logout" time="0.0">
    <skipped/>
  </testcase> <!-- Clickon_logout -->
  <testcase classname="com.Test.Rankmfselenium.BasketNormalSiporderTest" name="Click_logoutbtn" time="0.0">
    <skipped/>
  </testcase> <!-- Click_logoutbtn -->
</testsuite> <!-- BasketNormalSiporderTest -->
