<?xml version="1.0" encoding="UTF-8"?>
<!-- Generated by org.testng.reporters.JUnitXMLReporter -->
<testsuite ignored="0" hostname="DESKTOP-KMVAA5F" failures="0" tests="8" name="Normal_lumpsumNetbanking" time="42.412" errors="0" timestamp="2022-10-19T17:49:22 IST">
  <testcase classname="com.Test.Rankmfselenium.Normal_lumpsumNetbankingTest" name="clickonSigninPage" time="0.371"/>
  <testcase classname="com.Test.Rankmfselenium.Normal_lumpsumNetbankingTest" name="Click_HomePage" time="2.59"/>
  <testcase classname="com.Test.Rankmfselenium.Normal_lumpsumNetbankingTest" name="Search_Mutualfund" time="7.224"/>
  <testcase classname="com.Test.Rankmfselenium.Normal_lumpsumNetbankingTest" name="click_INVEST" time="2.116"/>
  <testcase classname="com.Test.Rankmfselenium.Normal_lumpsumNetbankingTest" name="Select_PaymentMode" time="2.172"/>
  <testcase classname="com.Test.Rankmfselenium.Normal_lumpsumNetbankingTest" name="Click_VerifyOTP" time="2.184"/>
  <testcase classname="com.Test.Rankmfselenium.Normal_lumpsumNetbankingTest" name="enterotpnum" time="4.395"/>
  <testcase classname="com.Test.Rankmfselenium.Normal_lumpsumNetbankingTest" name="RedirectNetbankingurl" time="16.912"/>
</testsuite> <!-- Normal_lumpsumNetbanking -->
