<?xml version="1.0" encoding="UTF-8"?>
<!-- Generated by org.testng.reporters.JUnitXMLReporter -->
<testsuite ignored="0" hostname="DESKTOP-KMVAA5F" failures="0" tests="15" name="NormalSmartsiporder" time="56.164" errors="0" timestamp="2022-11-11T17:22:05 IST">
  <testcase classname="com.Test.Rankmfselenium.NormalSmartsiporderTest" name="ClickonSigninPage" time="0.698"/>
  <testcase classname="com.Test.Rankmfselenium.NormalSmartsiporderTest" name="Clickon_TotalInvestmentvalue" time="3.469"/>
  <testcase classname="com.Test.Rankmfselenium.NormalSmartsiporderTest" name="Click_Investsmartsip" time="3.187"/>
  <testcase classname="com.Test.Rankmfselenium.NormalSmartsiporderTest" name="Click_SmartSip" time="2.177"/>
  <testcase classname="com.Test.Rankmfselenium.NormalSmartsiporderTest" name="click_continue" time="7.908"/>
  <testcase classname="com.Test.Rankmfselenium.NormalSmartsiporderTest" name="Installementdate" time="3.15"/>
  <testcase classname="com.Test.Rankmfselenium.NormalSmartsiporderTest" name="InstallementStartdate" time="2.701"/>
  <testcase classname="com.Test.Rankmfselenium.NormalSmartsiporderTest" name="Clickalert" time="2.171"/>
  <testcase classname="com.Test.Rankmfselenium.NormalSmartsiporderTest" name="check_VerifyOTP" time="2.232"/>
  <testcase classname="com.Test.Rankmfselenium.NormalSmartsiporderTest" name="check_enterotpnum" time="2.406"/>
  <testcase classname="com.Test.Rankmfselenium.NormalSmartsiporderTest" name="Clickon_confirmcontinue" time="2.111"/>
  <testcase classname="com.Test.Rankmfselenium.NormalSmartsiporderTest" name="FetchOrderPlaceText_SmartSIP" time="3.107"/>
  <testcase classname="com.Test.Rankmfselenium.NormalSmartsiporderTest" name="Clickon_cancelsmartsiporder" time="9.89"/>
  <testcase classname="com.Test.Rankmfselenium.NormalSmartsiporderTest" name="Clickon_logout" time="3.177"/>
  <testcase classname="com.Test.Rankmfselenium.NormalSmartsiporderTest" name="Click_logoutbtn" time="2.794"/>
</testsuite> <!-- NormalSmartsiporder -->
