<?xml version="1.0" encoding="UTF-8"?>
<testsuite name="TestSuite" time="145.795" tests="55" errors="0" skipped="15" failures="3">
  <properties>
[...]
</properties>
  <testcase name="clickonSigninPage" classname="com.Test.Rankmfselenium.BasketlumpsumOrderTest" time="0.98"/>
  <testcase name="clickonbasketpage" classname="com.Test.Rankmfselenium.BasketlumpsumOrderTest" time="4.63"/>
  <testcase name="Clickonconservative" classname="com.Test.Rankmfselenium.BasketlumpsumOrderTest" time="6.525"/>
  <testcase name="clickoninvest" classname="com.Test.Rankmfselenium.BasketlumpsumOrderTest" time="3.187"/>
  <testcase name="clickonpaymentmode" classname="com.Test.Rankmfselenium.BasketlumpsumOrderTest" time="2.359"/>
  <testcase name="ClickonVerifyOTP" classname="com.Test.Rankmfselenium.BasketlumpsumOrderTest" time="2.306"/>
  <testcase name="enterotpnum" classname="com.Test.Rankmfselenium.BasketlumpsumOrderTest" time="2.739"/>
  <testcase name="RedirectNetbankingurl" classname="com.Test.Rankmfselenium.BasketlumpsumOrderTest" time="3.299"/>
  <testcase name="clickonSigninPage" classname="com.Test.Rankmfselenium.BasketSIPOrder" time="0.539"/>
  <testcase name="Clickonbasketpage" classname="com.Test.Rankmfselenium.BasketSIPOrder" time="5.672"/>
  <testcase name="clickonconservative" classname="com.Test.Rankmfselenium.BasketSIPOrder" time="14.729"/>
  <testcase name="Click_SIP" classname="com.Test.Rankmfselenium.BasketSIPOrder" time="3.149"/>
  <testcase name="ClickOn_Quantity" classname="com.Test.Rankmfselenium.BasketSIPOrder" time="9.272"/>
  <testcase name="Clickon_StartDate" classname="com.Test.Rankmfselenium.BasketSIPOrder" time="4.754"/>
  <testcase name="Clickon_confirmcontinue" classname="com.Test.Rankmfselenium.BasketSIPOrder" time="2.13"/>
  <testcase name="check_VerifyOTP" classname="com.Test.Rankmfselenium.BasketSIPOrder" time="2.234"/>
  <testcase name="check_enterotpnum" classname="com.Test.Rankmfselenium.BasketSIPOrder" time="2.163"/>
  <testcase name="check_fetchlumpsumsiptext" classname="com.Test.Rankmfselenium.BasketSIPOrder" time="3.445">
    <failure message="no such element: Unable to locate element: {&quot;method&quot;:&quot;xpath&quot;,&quot;selector&quot;:&quot;//p[contains(text(),&apos;Your monthly SIP order for Investment of&apos;)]&quot;}&#10;  (Session info: chrome=101.0.4951.54)&#10;For documentation on this error, please visit: https://www.seleniumhq.org/exceptions/no_such_element.html&#10;Build info: version: &apos;3.141.59&apos;, revision: &apos;e82be7d358&apos;, time: &apos;2018-11-14T08:17:03&apos;&#10;System info: host: &apos;DESKTOP-KMVAA5F&apos;, ip: &apos;172.19.19.141&apos;, os.name: &apos;Windows 10&apos;, os.arch: &apos;amd64&apos;, os.version: &apos;10.0&apos;, java.version: &apos;17.0.2&apos;&#10;Driver info: org.openqa.selenium.chrome.ChromeDriver&#10;Capabilities {acceptInsecureCerts: false, browserName: chrome, browserVersion: 101.0.4951.54, chrome: {chromedriverVersion: 100.0.4896.60 (6a5d10861ce8..., userDataDir: C:\Users\samco\AppData\Loca...}, goog:chromeOptions: {debuggerAddress: localhost:55159}, javascriptEnabled: true, networkConnectionEnabled: false, pageLoadStrategy: normal, platform: WINDOWS, platformName: WINDOWS, proxy: Proxy(), setWindowRect: true, strictFileInteractability: false, timeouts: {implicit: 0, pageLoad: 300000, script: 30000}, unhandledPromptBehavior: dismiss and notify, webauthn:extension:credBlob: true, webauthn:extension:largeBlob: true, webauthn:virtualAuthenticators: true}&#10;Session ID: 944752369a9bb029ab151319fedcb2d9&#10;*** Element info: {Using=xpath, value=//p[contains(text(),&apos;Your monthly SIP order for Investment of&apos;)]}" type="org.openqa.selenium.NoSuchElementException">org.openqa.selenium.NoSuchElementException: no such element: Unable to locate element: {"method":"xpath","selector":"//p[contains(text(),'Your monthly SIP order for Investment of')]"}
  (Session info: chrome=101.0.4951.54)
For documentation on this error, please visit: https://www.seleniumhq.org/exceptions/no_such_element.html
Build info: version: '3.141.59', revision: 'e82be7d358', time: '2018-11-14T08:17:03'
System info: host: 'DESKTOP-KMVAA5F', ip: '172.19.19.141', os.name: 'Windows 10', os.arch: 'amd64', os.version: '10.0', java.version: '17.0.2'
Driver info: org.openqa.selenium.chrome.ChromeDriver
Capabilities {acceptInsecureCerts: false, browserName: chrome, browserVersion: 101.0.4951.54, chrome: {chromedriverVersion: 100.0.4896.60 (6a5d10861ce8..., userDataDir: C:\Users\samco\AppData\Loca...}, goog:chromeOptions: {debuggerAddress: localhost:55159}, javascriptEnabled: true, networkConnectionEnabled: false, pageLoadStrategy: normal, platform: WINDOWS, platformName: WINDOWS, proxy: Proxy(), setWindowRect: true, strictFileInteractability: false, timeouts: {implicit: 0, pageLoad: 300000, script: 30000}, unhandledPromptBehavior: dismiss and notify, webauthn:extension:credBlob: true, webauthn:extension:largeBlob: true, webauthn:virtualAuthenticators: true}
Session ID: 944752369a9bb029ab151319fedcb2d9
*** Element info: {Using=xpath, value=//p[contains(text(),'Your monthly SIP order for Investment of')]}
	at java.base/jdk.internal.reflect.NativeConstructorAccessorImpl.newInstance0(Native Method)
	at java.base/jdk.internal.reflect.NativeConstructorAccessorImpl.newInstance(NativeConstructorAccessorImpl.java:77)
	at java.base/jdk.internal.reflect.DelegatingConstructorAccessorImpl.newInstance(DelegatingConstructorAccessorImpl.java:45)
	at java.base/java.lang.reflect.Constructor.newInstanceWithCaller(Constructor.java:499)
	at java.base/java.lang.reflect.Constructor.newInstance(Constructor.java:480)
	at org.openqa.selenium.remote.http.W3CHttpResponseCodec.createException(W3CHttpResponseCodec.java:187)
	at org.openqa.selenium.remote.http.W3CHttpResponseCodec.decode(W3CHttpResponseCodec.java:122)
	at org.openqa.selenium.remote.http.W3CHttpResponseCodec.decode(W3CHttpResponseCodec.java:49)
	at org.openqa.selenium.remote.HttpCommandExecutor.execute(HttpCommandExecutor.java:158)
	at org.openqa.selenium.remote.service.DriverCommandExecutor.execute(DriverCommandExecutor.java:83)
	at org.openqa.selenium.remote.RemoteWebDriver.execute(RemoteWebDriver.java:552)
	at org.openqa.selenium.remote.RemoteWebDriver.findElement(RemoteWebDriver.java:323)
	at org.openqa.selenium.remote.RemoteWebDriver.findElementByXPath(RemoteWebDriver.java:428)
	at org.openqa.selenium.By$ByXPath.findElement(By.java:353)
	at org.openqa.selenium.remote.RemoteWebDriver.findElement(RemoteWebDriver.java:315)
	at com.Test.RANKMFSELENIUM.DashboardBasketSiporder.fetchlumpsumsiptext(DashboardBasketSiporder.java:118)
	at com.Test.Rankmfselenium.BasketSIPOrder.check_fetchlumpsumsiptext(BasketSIPOrder.java:99)
</failure>
  </testcase>
  <testcase name="Orderplacetext" classname="com.Test.Rankmfselenium.BasketSIPOrder" time="0">
    <skipped/>
  </testcase>
  <testcase name="Clickon_logout" classname="com.Test.Rankmfselenium.BasketSIPOrder" time="0">
    <skipped/>
  </testcase>
  <testcase name="Click_logoutbtn" classname="com.Test.Rankmfselenium.BasketSIPOrder" time="0">
    <skipped/>
  </testcase>
  <testcase name="ClickonSigninPage" classname="com.Test.Rankmfselenium.BasketSmartsiporderTest" time="0.842"/>
  <testcase name="Clickon_TotalInvestmentvalue" classname="com.Test.Rankmfselenium.BasketSmartsiporderTest" time="2.639"/>
  <testcase name="Click_HomePage" classname="com.Test.Rankmfselenium.BasketSmartsiporderTest" time="4.908"/>
  <testcase name="Click_Investsmartsip" classname="com.Test.Rankmfselenium.BasketSmartsiporderTest" time="3.229"/>
  <testcase name="Click_smartsip" classname="com.Test.Rankmfselenium.BasketSmartsiporderTest" time="2.247"/>
  <testcase name="click_continue" classname="com.Test.Rankmfselenium.BasketSmartsiporderTest" time="4.04"/>
  <testcase name="Installementdate" classname="com.Test.Rankmfselenium.BasketSmartsiporderTest" time="5.22"/>
  <testcase name="InstallementStartdate" classname="com.Test.Rankmfselenium.BasketSmartsiporderTest" time="2.589"/>
  <testcase name="Clickalert" classname="com.Test.Rankmfselenium.BasketSmartsiporderTest" time="2.134"/>
  <testcase name="check_VerifyOTP" classname="com.Test.Rankmfselenium.BasketSmartsiporderTest" time="2.305"/>
  <testcase name="check_enterotpnum" classname="com.Test.Rankmfselenium.BasketSmartsiporderTest" time="2.48">
    <failure message="Keys to send should be a not null CharSequence" type="java.lang.IllegalArgumentException">java.lang.IllegalArgumentException: Keys to send should be a not null CharSequence
	at org.openqa.selenium.remote.RemoteWebElement.sendKeys(RemoteWebElement.java:97)
	at com.Test.RANKMFSELENIUM.BasketAction.Enterotpnumber(BasketAction.java:38)
	at com.Test.Rankmfselenium.BasketSmartsiporderTest.check_enterotpnum(BasketSmartsiporderTest.java:113)
</failure>
    <system-out><![CDATA[com.mysql.cj.jdbc.exceptions.CommunicationsException: Communications link failure

The last packet sent successfully to the server was 0 milliseconds ago. The driver has not received any packets from the server.
Something Went Wrong
java.lang.NullPointerException: Cannot invoke "java.sql.Connection.createStatement()" because "utility.DBconnection.con" is null
OTP FOR ORDERS : null
]]></system-out>
  </testcase>
  <testcase name="Clickon_confirmcontinue" classname="com.Test.Rankmfselenium.BasketSmartsiporderTest" time="0">
    <skipped/>
  </testcase>
  <testcase name="Clickon_fetchsmartsippalcedorder" classname="com.Test.Rankmfselenium.BasketSmartsiporderTest" time="0">
    <skipped/>
  </testcase>
  <testcase name="Clickon_closepopup" classname="com.Test.Rankmfselenium.BasketSmartsiporderTest" time="0">
    <skipped/>
  </testcase>
  <testcase name="Clickon_cancelsmartsiporder" classname="com.Test.Rankmfselenium.BasketSmartsiporderTest" time="0">
    <skipped/>
  </testcase>
  <testcase name="Clickon_logout" classname="com.Test.Rankmfselenium.BasketSmartsiporderTest" time="0">
    <skipped/>
  </testcase>
  <testcase name="Click_logoutbtn" classname="com.Test.Rankmfselenium.BasketSmartsiporderTest" time="0">
    <skipped/>
  </testcase>
  <testcase name="ClickonSigninPage" classname="com.Test.Rankmfselenium.BasketNormalSiporderTest" time="1.068"/>
  <testcase name="Clickon_TotalInvestmentvalue" classname="com.Test.Rankmfselenium.BasketNormalSiporderTest" time="2.82"/>
  <testcase name="Click_HomePage" classname="com.Test.Rankmfselenium.BasketNormalSiporderTest" time="3.019"/>
  <testcase name="search_mutualfunds" classname="com.Test.Rankmfselenium.BasketNormalSiporderTest" time="9.362"/>
  <testcase name="Click_Normalsip" classname="com.Test.Rankmfselenium.BasketNormalSiporderTest" time="6.622"/>
  <testcase name="Click_sipcontinuebtn" classname="com.Test.Rankmfselenium.BasketNormalSiporderTest" time="2.445"/>
  <testcase name="InstallementStartdate" classname="com.Test.Rankmfselenium.BasketNormalSiporderTest" time="3.201"/>
  <testcase name="Startdatepicker" classname="com.Test.Rankmfselenium.BasketNormalSiporderTest" time="3.373"/>
  <testcase name="Click_continuebtn" classname="com.Test.Rankmfselenium.BasketNormalSiporderTest" time="2.17"/>
  <testcase name="check_VerifyOTP" classname="com.Test.Rankmfselenium.BasketNormalSiporderTest" time="2.408"/>
  <testcase name="check_enterotpnum" classname="com.Test.Rankmfselenium.BasketNormalSiporderTest" time="2.562">
    <failure message="Keys to send should be a not null CharSequence" type="java.lang.IllegalArgumentException">java.lang.IllegalArgumentException: Keys to send should be a not null CharSequence
	at org.openqa.selenium.remote.RemoteWebElement.sendKeys(RemoteWebElement.java:97)
	at com.Test.RANKMFSELENIUM.DashboardNormalSiporderTest.enterotpnumber(DashboardNormalSiporderTest.java:153)
	at com.Test.Rankmfselenium.BasketNormalSiporderTest.check_enterotpnum(BasketNormalSiporderTest.java:125)
</failure>
    <system-out><![CDATA[com.mysql.cj.jdbc.exceptions.CommunicationsException: Communications link failure

The last packet sent successfully to the server was 0 milliseconds ago. The driver has not received any packets from the server.
Something Went Wrong
java.lang.NullPointerException: Cannot invoke "java.sql.Connection.createStatement()" because "utility.DBconnection.con" is null
OTP FOR ORDERS : null
]]></system-out>
  </testcase>
  <testcase name="Clickon_confirmcontinue" classname="com.Test.Rankmfselenium.BasketNormalSiporderTest" time="0">
    <skipped/>
  </testcase>
  <testcase name="Clickon_fetchnormalpalcedorder" classname="com.Test.Rankmfselenium.BasketNormalSiporderTest" time="0">
    <skipped/>
  </testcase>
  <testcase name="Clickon_skipstep" classname="com.Test.Rankmfselenium.BasketNormalSiporderTest" time="0">
    <skipped/>
  </testcase>
  <testcase name="Clickon_cancelsmartsiporder" classname="com.Test.Rankmfselenium.BasketNormalSiporderTest" time="0">
    <skipped/>
  </testcase>
  <testcase name="Clickon_logout" classname="com.Test.Rankmfselenium.BasketNormalSiporderTest" time="0">
    <skipped/>
  </testcase>
  <testcase name="Click_logoutbtn" classname="com.Test.Rankmfselenium.BasketNormalSiporderTest" time="0">
    <skipped/>
  </testcase>
</testsuite>