<?xml version="1.0" encoding="UTF-8"?>
<testng-results ignored="0" total="6" passed="6" failed="0" skipped="0">
  <reporter-output>
  </reporter-output>
  <suite started-at="2025-10-13T17:40:00 IST" name="Default suite" finished-at="2025-10-13T17:42:26 IST" duration-ms="146087">
    <groups>
      <group name="Regression">
        <method signature="ExploreNewPageTest.clickonSigninPage()[pri:0, instance:com.Test.Rankmfselenium.ExploreNewPageTest@2e6a8155]" name="clickonSigninPage" class="com.Test.Rankmfselenium.ExploreNewPageTest"/>
        <method signature="ExploreNewPageTest.Click_Explorerankmf()[pri:0, instance:com.Test.Rankmfselenium.ExploreNewPageTest@2e6a8155]" name="Click_Explorerankmf" class="com.Test.Rankmfselenium.ExploreNewPageTest"/>
        <method signature="ExploreNewPageTest.Click_Filter()[pri:0, instance:com.Test.Rankmfselenium.ExploreNewPageTest@2e6a8155]" name="Click_Filter" class="com.Test.Rankmfselenium.ExploreNewPageTest"/>
        <method signature="ExploreNewPageTest.Click_Myinvestment()[pri:0, instance:com.Test.Rankmfselenium.ExploreNewPageTest@2e6a8155]" name="Click_Myinvestment" class="com.Test.Rankmfselenium.ExploreNewPageTest"/>
        <method signature="ExploreNewPageTest.Review_PaymentPage()[pri:0, instance:com.Test.Rankmfselenium.ExploreNewPageTest@2e6a8155]" name="Review_PaymentPage" class="com.Test.Rankmfselenium.ExploreNewPageTest"/>
        <method signature="ExploreNewPageTest.enterotpnum()[pri:0, instance:com.Test.Rankmfselenium.ExploreNewPageTest@2e6a8155]" name="enterotpnum" class="com.Test.Rankmfselenium.ExploreNewPageTest"/>
      </group> <!-- Regression -->
    </groups>
    <test started-at="2025-10-13T17:40:00 IST" name="Default test" finished-at="2025-10-13T17:42:26 IST" duration-ms="146087">
      <class name="com.Test.Rankmfselenium.ExploreNewPageTest">
        <test-method is-config="true" signature="SetInitialization()[pri:0, instance:com.Test.Rankmfselenium.ExploreNewPageTest@2e6a8155]" started-at="2025-10-13T17:40:00 IST" name="SetInitialization" finished-at="2025-10-13T17:40:03 IST" duration-ms="3171" status="PASS">
          <reporter-output>
          </reporter-output>
        </test-method> <!-- SetInitialization -->
        <test-method signature="clickonSigninPage()[pri:0, instance:com.Test.Rankmfselenium.ExploreNewPageTest@2e6a8155]" started-at="2025-10-13T17:40:03 IST" name="clickonSigninPage" finished-at="2025-10-13T17:40:06 IST" duration-ms="2742" status="PASS">
          <reporter-output>
          </reporter-output>
        </test-method> <!-- clickonSigninPage -->
        <test-method signature="Click_Explorerankmf()[pri:0, instance:com.Test.Rankmfselenium.ExploreNewPageTest@2e6a8155]" started-at="2025-10-13T17:40:06 IST" name="Click_Explorerankmf" finished-at="2025-10-13T17:40:12 IST" depends-on-methods="com.Test.Rankmfselenium.ExploreNewPageTest.clickonSigninPage" duration-ms="5903" status="PASS">
          <reporter-output>
          </reporter-output>
        </test-method> <!-- Click_Explorerankmf -->
        <test-method signature="Click_Filter()[pri:0, instance:com.Test.Rankmfselenium.ExploreNewPageTest@2e6a8155]" started-at="2025-10-13T17:40:12 IST" name="Click_Filter" finished-at="2025-10-13T17:40:42 IST" depends-on-methods="com.Test.Rankmfselenium.ExploreNewPageTest.Click_Explorerankmf" duration-ms="30133" status="PASS">
          <reporter-output>
          </reporter-output>
        </test-method> <!-- Click_Filter -->
        <test-method signature="Click_Myinvestment()[pri:0, instance:com.Test.Rankmfselenium.ExploreNewPageTest@2e6a8155]" started-at="2025-10-13T17:40:42 IST" name="Click_Myinvestment" finished-at="2025-10-13T17:41:49 IST" depends-on-methods="com.Test.Rankmfselenium.ExploreNewPageTest.Click_Filter" duration-ms="66890" status="PASS">
          <reporter-output>
          </reporter-output>
        </test-method> <!-- Click_Myinvestment -->
        <test-method signature="Review_PaymentPage()[pri:0, instance:com.Test.Rankmfselenium.ExploreNewPageTest@2e6a8155]" started-at="2025-10-13T17:41:49 IST" name="Review_PaymentPage" finished-at="2025-10-13T17:41:59 IST" depends-on-methods="com.Test.Rankmfselenium.ExploreNewPageTest.Click_Myinvestment" duration-ms="9557" status="PASS">
          <reporter-output>
          </reporter-output>
        </test-method> <!-- Review_PaymentPage -->
        <test-method signature="enterotpnum()[pri:0, instance:com.Test.Rankmfselenium.ExploreNewPageTest@2e6a8155]" started-at="2025-10-13T17:41:59 IST" name="enterotpnum" finished-at="2025-10-13T17:42:26 IST" depends-on-methods="com.Test.Rankmfselenium.ExploreNewPageTest.Review_PaymentPage" duration-ms="27578" status="PASS">
          <reporter-output>
          </reporter-output>
        </test-method> <!-- enterotpnum -->
      </class> <!-- com.Test.Rankmfselenium.ExploreNewPageTest -->
    </test> <!-- Default test -->
  </suite> <!-- Default suite -->
</testng-results>
