<?xml version="1.0" encoding="UTF-8"?>
<!-- Generated by org.testng.reporters.JUnitReportReporter -->
<<<<<<< HEAD
<testsuite hostname="DESKTOP-M8IT876" failures="0" tests="7" name="com.Test.Rankmfselenium.Normal_lumpsumNetbankingTest" time="10.932" errors="1" timestamp="2025-10-28T15:12:13 IST" skipped="4">
  <testcase classname="com.Test.Rankmfselenium.Normal_lumpsumNetbankingTest" name="Select_PaymentMode" time="0.000">
    <skipped/>
  </testcase> <!-- Select_PaymentMode -->
  <testcase classname="com.Test.Rankmfselenium.Normal_lumpsumNetbankingTest" name="clickonSigninPage" time="3.049"/>
  <testcase classname="com.Test.Rankmfselenium.Normal_lumpsumNetbankingTest" name="click_INVEST" time="0.000">
    <skipped/>
  </testcase> <!-- click_INVEST -->
  <testcase classname="com.Test.Rankmfselenium.Normal_lumpsumNetbankingTest" name="Click_VerifyOTP" time="0.000">
    <skipped/>
  </testcase> <!-- Click_VerifyOTP -->
  <testcase classname="com.Test.Rankmfselenium.Normal_lumpsumNetbankingTest" name="Search_Mutualfund" time="3.154">
    <error message="invalid session id: session deleted as the browser has closed the connection
from disconnected: not connected to DevTools
  (Session info: chrome=140.0.7339.128)
Build info: version: &#039;4.25.0&#039;, revision: &#039;8a8aea2337&#039;
System info: os.name: &#039;Windows 10&#039;, os.arch: &#039;amd64&#039;, os.version: &#039;10.0&#039;, java.version: &#039;17.0.2&#039;
Driver info: org.openqa.selenium.chrome.ChromeDriver
Command: [6e049eaee96d4aa17a0651894b1ec3bc, sendKeysToElement {value=[Ljava.lang.CharSequence;@5851bd4f, id=f.E014F0DCF6A6B32D1012F56B21BFD430.d.8D609084E6159E4759D5FC09CD664D84.e.175}]
Capabilities {acceptInsecureCerts: false, browserName: chrome, browserVersion: 140.0.7339.128, chrome: {chromedriverVersion: 139.0.7258.154 (9e0d6b2b47f..., userDataDir: C:\Users\RAVIND~1.CHA\AppDa...}, fedcm:accounts: true, goog:chromeOptions: {debuggerAddress: localhost:62361}, networkConnectionEnabled: false, pageLoadStrategy: normal, platformName: windows, proxy: Proxy(), se:cdp: ws://localhost:62361/devtoo..., se:cdpVersion: 140.0.7339.128, setWindowRect: true, strictFileInteractability: false, timeouts: {implicit: 0, pageLoad: 300000, script: 30000}, unhandledPromptBehavior: dismiss and notify, webauthn:extension:credBlob: true, webauthn:extension:largeBlob: true, webauthn:extension:minPinLength: true, webauthn:extension:prf: true, webauthn:virtualAuthenticators: true}
Element: [[ChromeDriver: chrome on windows (6e049eaee96d4aa17a0651894b1ec3bc)] -&gt; xpath: //input[@id=&#039;filter_scheme_id&#039;]]
Session ID: 6e049eaee96d4aa17a0651894b1ec3bc" type="org.openqa.selenium.NoSuchSessionException">
      <![CDATA[org.openqa.selenium.NoSuchSessionException: invalid session id: session deleted as the browser has closed the connection
from disconnected: not connected to DevTools
  (Session info: chrome=140.0.7339.128)
Build info: version: '4.25.0', revision: '8a8aea2337'
System info: os.name: 'Windows 10', os.arch: 'amd64', os.version: '10.0', java.version: '17.0.2'
Driver info: org.openqa.selenium.chrome.ChromeDriver
Command: [6e049eaee96d4aa17a0651894b1ec3bc, sendKeysToElement {value=[Ljava.lang.CharSequence;@5851bd4f, id=f.E014F0DCF6A6B32D1012F56B21BFD430.d.8D609084E6159E4759D5FC09CD664D84.e.175}]
Capabilities {acceptInsecureCerts: false, browserName: chrome, browserVersion: 140.0.7339.128, chrome: {chromedriverVersion: 139.0.7258.154 (9e0d6b2b47f..., userDataDir: C:\Users\RAVIND~1.CHA\AppDa...}, fedcm:accounts: true, goog:chromeOptions: {debuggerAddress: localhost:62361}, networkConnectionEnabled: false, pageLoadStrategy: normal, platformName: windows, proxy: Proxy(), se:cdp: ws://localhost:62361/devtoo..., se:cdpVersion: 140.0.7339.128, setWindowRect: true, strictFileInteractability: false, timeouts: {implicit: 0, pageLoad: 300000, script: 30000}, unhandledPromptBehavior: dismiss and notify, webauthn:extension:credBlob: true, webauthn:extension:largeBlob: true, webauthn:extension:minPinLength: true, webauthn:extension:prf: true, webauthn:virtualAuthenticators: true}
Element: [[ChromeDriver: chrome on windows (6e049eaee96d4aa17a0651894b1ec3bc)] -> xpath: //input[@id='filter_scheme_id']]
Session ID: 6e049eaee96d4aa17a0651894b1ec3bc
=======
<testsuite hostname="DESKTOP-M8IT876" failures="0" tests="7" name="com.Test.Rankmfselenium.Normal_lumpsumNetbankingTest" time="17.988" errors="1" timestamp="2025-10-13T14:29:37 IST" skipped="3">
  <testcase classname="com.Test.Rankmfselenium.Normal_lumpsumNetbankingTest" name="Select_PaymentMode" time="0.001">
    <skipped/>
  </testcase> <!-- Select_PaymentMode -->
  <testcase classname="com.Test.Rankmfselenium.Normal_lumpsumNetbankingTest" name="clickonSigninPage" time="2.742"/>
  <testcase classname="com.Test.Rankmfselenium.Normal_lumpsumNetbankingTest" name="click_INVEST" time="2.053">
    <error message="no such element: Unable to locate element: {&quot;method&quot;:&quot;xpath&quot;,&quot;selector&quot;:&quot;//div[@class=&#039;col s12 xl2 l2 width_20 detail_page_btn&#039;]//div[@class=&#039;disp_table_cell_both&#039;]//button[contains(text(),&#039;INVEST&#039;)]&quot;}
  (Session info: chrome=140.0.7339.128)
For documentation on this error, please visit: https://www.selenium.dev/documentation/webdriver/troubleshooting/errors#no-such-element-exception
Build info: version: &#039;4.25.0&#039;, revision: &#039;8a8aea2337&#039;
System info: os.name: &#039;Windows 10&#039;, os.arch: &#039;amd64&#039;, os.version: &#039;10.0&#039;, java.version: &#039;17.0.2&#039;
Driver info: org.openqa.selenium.chrome.ChromeDriver
Command: [866ec602b58d4c232ddea79cd2d2f7c6, findElement {value=//div[@class=&#039;col s12 xl2 l2 width_20 detail_page_btn&#039;]//div[@class=&#039;disp_table_cell_both&#039;]//button[contains(text(),&#039;INVEST&#039;)], using=xpath}]
Capabilities {acceptInsecureCerts: false, browserName: chrome, browserVersion: 140.0.7339.128, chrome: {chromedriverVersion: 139.0.7258.154 (9e0d6b2b47f..., userDataDir: C:\Users\RAVIND~1.CHA\AppDa...}, fedcm:accounts: true, goog:chromeOptions: {debuggerAddress: localhost:56456}, networkConnectionEnabled: false, pageLoadStrategy: normal, platformName: windows, proxy: Proxy(), se:cdp: ws://localhost:56456/devtoo..., se:cdpVersion: 140.0.7339.128, setWindowRect: true, strictFileInteractability: false, timeouts: {implicit: 0, pageLoad: 300000, script: 30000}, unhandledPromptBehavior: dismiss and notify, webauthn:extension:credBlob: true, webauthn:extension:largeBlob: true, webauthn:extension:minPinLength: true, webauthn:extension:prf: true, webauthn:virtualAuthenticators: true}
Session ID: 866ec602b58d4c232ddea79cd2d2f7c6" type="org.openqa.selenium.NoSuchElementException">
      <![CDATA[org.openqa.selenium.NoSuchElementException: no such element: Unable to locate element: {"method":"xpath","selector":"//div[@class='col s12 xl2 l2 width_20 detail_page_btn']//div[@class='disp_table_cell_both']//button[contains(text(),'INVEST')]"}
  (Session info: chrome=140.0.7339.128)
For documentation on this error, please visit: https://www.selenium.dev/documentation/webdriver/troubleshooting/errors#no-such-element-exception
Build info: version: '4.25.0', revision: '8a8aea2337'
System info: os.name: 'Windows 10', os.arch: 'amd64', os.version: '10.0', java.version: '17.0.2'
Driver info: org.openqa.selenium.chrome.ChromeDriver
Command: [866ec602b58d4c232ddea79cd2d2f7c6, findElement {value=//div[@class='col s12 xl2 l2 width_20 detail_page_btn']//div[@class='disp_table_cell_both']//button[contains(text(),'INVEST')], using=xpath}]
Capabilities {acceptInsecureCerts: false, browserName: chrome, browserVersion: 140.0.7339.128, chrome: {chromedriverVersion: 139.0.7258.154 (9e0d6b2b47f..., userDataDir: C:\Users\RAVIND~1.CHA\AppDa...}, fedcm:accounts: true, goog:chromeOptions: {debuggerAddress: localhost:56456}, networkConnectionEnabled: false, pageLoadStrategy: normal, platformName: windows, proxy: Proxy(), se:cdp: ws://localhost:56456/devtoo..., se:cdpVersion: 140.0.7339.128, setWindowRect: true, strictFileInteractability: false, timeouts: {implicit: 0, pageLoad: 300000, script: 30000}, unhandledPromptBehavior: dismiss and notify, webauthn:extension:credBlob: true, webauthn:extension:largeBlob: true, webauthn:extension:minPinLength: true, webauthn:extension:prf: true, webauthn:virtualAuthenticators: true}
Session ID: 866ec602b58d4c232ddea79cd2d2f7c6
>>>>>>> ee410d6c12b415293c21901c1d29a1db63f6a0d6
at java.base/jdk.internal.reflect.NativeConstructorAccessorImpl.newInstance0(Native Method)
at java.base/jdk.internal.reflect.NativeConstructorAccessorImpl.newInstance(NativeConstructorAccessorImpl.java:77)
at java.base/jdk.internal.reflect.DelegatingConstructorAccessorImpl.newInstance(DelegatingConstructorAccessorImpl.java:45)
at java.base/java.lang.reflect.Constructor.newInstanceWithCaller(Constructor.java:499)
at java.base/java.lang.reflect.Constructor.newInstance(Constructor.java:480)
at org.openqa.selenium.remote.ErrorCodec.decode(ErrorCodec.java:167)
at org.openqa.selenium.remote.codec.w3c.W3CHttpResponseCodec.decode(W3CHttpResponseCodec.java:138)
at org.openqa.selenium.remote.codec.w3c.W3CHttpResponseCodec.decode(W3CHttpResponseCodec.java:50)
at org.openqa.selenium.remote.HttpCommandExecutor.execute(HttpCommandExecutor.java:190)
at org.openqa.selenium.remote.service.DriverCommandExecutor.invokeExecute(DriverCommandExecutor.java:216)
at org.openqa.selenium.remote.service.DriverCommandExecutor.execute(DriverCommandExecutor.java:174)
at org.openqa.selenium.remote.RemoteWebDriver.execute(RemoteWebDriver.java:545)
<<<<<<< HEAD
at org.openqa.selenium.remote.RemoteWebElement.execute(RemoteWebElement.java:223)
at org.openqa.selenium.remote.RemoteWebElement.sendKeys(RemoteWebElement.java:110)
at com.Test.RANKMFSELENIUM.HomepageTest.SearchMutualfunds(HomepageTest.java:62)
at com.Test.RANKMFSELENIUM.NormalLumpsumOrder_Netbanking.Click_SearchMutualfunds(NormalLumpsumOrder_Netbanking.java:48)
at com.Test.Rankmfselenium.Normal_lumpsumNetbankingTest.Search_Mutualfund(Normal_lumpsumNetbankingTest.java:73)
=======
at org.openqa.selenium.remote.ElementLocation$ElementFinder$2.findElement(ElementLocation.java:165)
at org.openqa.selenium.remote.ElementLocation.findElement(ElementLocation.java:59)
at org.openqa.selenium.remote.RemoteWebDriver.findElement(RemoteWebDriver.java:368)
at org.openqa.selenium.remote.RemoteWebDriver.findElement(RemoteWebDriver.java:362)
at com.Test.RANKMFSELENIUM.NormalLumpsumOrder_Netbanking.click_Invest(NormalLumpsumOrder_Netbanking.java:56)
at com.Test.Rankmfselenium.Normal_lumpsumNetbankingTest.click_INVEST(Normal_lumpsumNetbankingTest.java:76)
>>>>>>> ee410d6c12b415293c21901c1d29a1db63f6a0d6
at java.base/jdk.internal.reflect.NativeMethodAccessorImpl.invoke0(Native Method)
at java.base/jdk.internal.reflect.NativeMethodAccessorImpl.invoke(NativeMethodAccessorImpl.java:77)
at java.base/jdk.internal.reflect.DelegatingMethodAccessorImpl.invoke(DelegatingMethodAccessorImpl.java:43)
at java.base/java.lang.reflect.Method.invoke(Method.java:568)
at org.testng.internal.invokers.MethodInvocationHelper.invokeMethod(MethodInvocationHelper.java:141)
at org.testng.internal.invokers.TestInvoker.invokeMethod(TestInvoker.java:687)
at org.testng.internal.invokers.TestInvoker.invokeTestMethod(TestInvoker.java:230)
at org.testng.internal.invokers.MethodRunner.runInSequence(MethodRunner.java:63)
at org.testng.internal.invokers.TestInvoker$MethodInvocationAgent.invoke(TestInvoker.java:995)
at org.testng.internal.invokers.TestInvoker.invokeTestMethods(TestInvoker.java:203)
at org.testng.internal.invokers.TestMethodWorker.invokeTestMethods(TestMethodWorker.java:154)
at org.testng.internal.invokers.TestMethodWorker.run(TestMethodWorker.java:134)
at java.base/java.util.ArrayList.forEach(ArrayList.java:1511)
at org.testng.TestRunner.privateRun(TestRunner.java:741)
at org.testng.TestRunner.run(TestRunner.java:616)
at org.testng.SuiteRunner.runTest(SuiteRunner.java:421)
at org.testng.SuiteRunner.runSequentially(SuiteRunner.java:413)
at org.testng.SuiteRunner.privateRun(SuiteRunner.java:373)
at org.testng.SuiteRunner.run(SuiteRunner.java:312)
at org.testng.SuiteRunnerWorker.runSuite(SuiteRunnerWorker.java:52)
at org.testng.SuiteRunnerWorker.run(SuiteRunnerWorker.java:95)
at org.testng.TestNG.runSuitesSequentially(TestNG.java:1274)
at org.testng.TestNG.runSuitesLocally(TestNG.java:1208)
at org.testng.TestNG.runSuites(TestNG.java:1112)
at org.testng.TestNG.run(TestNG.java:1079)
at org.testng.remote.AbstractRemoteTestNG.run(AbstractRemoteTestNG.java:115)
at org.testng.remote.RemoteTestNG.initAndRun(RemoteTestNG.java:293)
at org.testng.remote.RemoteTestNG.main(RemoteTestNG.java:91)
]]>
    </error>
<<<<<<< HEAD
  </testcase> <!-- Search_Mutualfund -->
  <testcase classname="com.Test.Rankmfselenium.Normal_lumpsumNetbankingTest" name="enterotpnum" time="0.000">
    <skipped/>
  </testcase> <!-- enterotpnum -->
  <testcase classname="com.Test.Rankmfselenium.Normal_lumpsumNetbankingTest" name="Click_HomePage" time="4.729"/>
=======
  </testcase> <!-- click_INVEST -->
  <testcase classname="com.Test.Rankmfselenium.Normal_lumpsumNetbankingTest" name="Click_VerifyOTP" time="0.000">
    <skipped/>
  </testcase> <!-- Click_VerifyOTP -->
  <testcase classname="com.Test.Rankmfselenium.Normal_lumpsumNetbankingTest" name="Search_Mutualfund" time="5.232"/>
  <testcase classname="com.Test.Rankmfselenium.Normal_lumpsumNetbankingTest" name="enterotpnum" time="0.000">
    <skipped/>
  </testcase> <!-- enterotpnum -->
  <testcase classname="com.Test.Rankmfselenium.Normal_lumpsumNetbankingTest" name="Click_HomePage" time="7.960"/>
>>>>>>> ee410d6c12b415293c21901c1d29a1db63f6a0d6
</testsuite> <!-- com.Test.Rankmfselenium.Normal_lumpsumNetbankingTest -->
